<?xml version="1.0" encoding="utf-8"?><testsuites><testsuite name="pytest" errors="0" failures="0" skipped="0" tests="0" time="0.007" timestamp="2022-09-20T19:17:53.684237" hostname="787f55c467b8" /></testsuites>